<?xml version="1.0" encoding="UTF-8"?>
<!-- Generated by org.testng.reporters.JUnitXMLReporter -->
<testsuite ignored="0" hostname="DESKTOP-TP6MMLS" failures="1" tests="2" name="Test" time="9.301" errors="0" timestamp="2025-04-28T13:02:25 IST">
  <testcase classname="com.basics.Facebook" name="getCurrentURL" time="0.103"/>
  <testcase classname="com.basics.Facebook" name="getTitle" time="0.101">
    <failure type="java.lang.AssertionError" message="expected [Facebook â€“ log in or sign up] but found [Facebook – log in or sign up]">
      <![CDATA[java.lang.AssertionError: expected [Facebook â€“ log in or sign up] but found [Facebook – log in or sign up]
at com.basics.Facebook.getTitle(Facebook.java:35)
at java.base/java.util.ArrayList.forEach(ArrayList.java:1511)
... Removed 37 stack frames]]>
    </failure>
  </testcase> <!-- getTitle -->
</testsuite> <!-- Test -->
